kernel name: Kernel

- Total GPU computations is divided into 8 thread block(s) running on 8 SM(s)

- Modeled SM-0 running 1 thread block(s):
	* allocated max active thread block(s): 1
	* allocated max active warps per thread block: 16

- Occupancy of SM-0:
	* Thread block Limit SM: 32
	* Thread block limit registers: 5
	* Thread block limit shared memory: 32
	* Thread block limit warps: 4
	* theoretical max active thread block(s): 4
	* theoretical max active warps per SM: 64
	* theoretical occupancy: 100 %
	* achieved active warps per SM: 11.8
	* achieved occupancy: 18.44 %

- Memory Performance:
	* unified L1 cache hit rate: 87.5 %
	* unified L1 cache hit rate for read transactions (global memory accesses): 87.85 %
	* L2 cache hit rate: 92.4 %

	* Global Memory Requests:
		** GMEM read requests: 6749
		** GMEM write requests: 2674
		** GMEM total requests: 9423

	* Global Memory Transactions:
		** GMEM read transactions: 39929
		** GMEM write transactions: 15667
		** GMEM total transactions: 55596

	* Global Memory Divergence:
		** number of read transactions per read requests: 5.92 (18.5%)
		** number of write transactions per write requests: 5.86 (18.31%)

	* L2 Cache Transactions (for global memory accesses):
		** L2 read transactions: 4852
		** L2 write transactions: 15667
		** L2 total transactions: 20519

	* DRAM Transactions (for global memory accesses):
		** DRAM total transactions: 1559

	* Total number of global atomic requests: 0
	* Total number of global reduction requests: 0
	* Global memory atomic and reduction transactions: 0

- Kernel cycles:
	* GPU active cycles (min): 24,334
	* GPU active cycles (max): 47,965
	* SM active cycles (sum): 383,720
	* SM elapsed cycles (sum): 3,837,200

- Warp instructions executed: 39,168
- Thread instructions executed: 1,253,376
- Instructions executed per clock cycle (IPC): 0.102
- Clock cycles per instruction (CPI):  9.797
- Total instructions executed per seconds (MIPS): 122
- Kernel execution time: 3197.6667 us

- Simulation Time:
	* Memory model: 0.405 sec, 00:00:00
	* Compute model: 1.996 sec, 00:00:01
