kernel name: Kernel2

- Total GPU computations is divided into 8 thread block(s) running on 8 SM(s)

- Modeled SM-0 running 1 thread block(s):
	* allocated max active thread block(s): 1
	* allocated max active warps per thread block: 16

- Occupancy of SM-0:
	* Thread block Limit SM: 32
	* Thread block limit registers: 8
	* Thread block limit shared memory: 32
	* Thread block limit warps: 4
	* theoretical max active thread block(s): 4
	* theoretical max active warps per SM: 64
	* theoretical occupancy: 100 %
	* achieved active warps per SM: 13.66
	* achieved occupancy: 21.35 %

- Memory Performance:
	* unified L1 cache hit rate: 7.23 %
	* unified L1 cache hit rate for read transactions (global memory accesses): 0.0 %
	* L2 cache hit rate: 11.31 %

	* Global Memory Requests:
		** GMEM read requests: 128
		** GMEM write requests: 40
		** GMEM total requests: 168

	* Global Memory Transactions:
		** GMEM read transactions: 128
		** GMEM write transactions: 40
		** GMEM total transactions: 168

	* Global Memory Divergence:
		** number of read transactions per read requests: 1.0 (3.12%)
		** number of write transactions per write requests: 1.0 (3.12%)

	* L2 Cache Transactions (for global memory accesses):
		** L2 read transactions: 128
		** L2 write transactions: 40
		** L2 total transactions: 168

	* DRAM Transactions (for global memory accesses):
		** DRAM total transactions: 149

	* Total number of global atomic requests: 0
	* Total number of global reduction requests: 0
	* Global memory atomic and reduction transactions: 0

- Kernel cycles:
	* GPU active cycles (min): 1,140
	* GPU active cycles (max): 1,403
	* SM active cycles (sum): 11,224
	* SM elapsed cycles (sum): 112,240

- Warp instructions executed: 2,448
- Thread instructions executed: 78,336
- Instructions executed per clock cycle (IPC): 0.218
- Clock cycles per instruction (CPI):  4.585
- Total instructions executed per seconds (MIPS): 261
- Kernel execution time: 93.5333 us

- Simulation Time:
	* Memory model: 0.69 sec, 00:00:00
	* Compute model: 0.018 sec, 00:00:00
