kernel name: Kernel

- Total GPU computations is divided into 8 thread block(s) running on 8 SM(s)

- Modeled SM-0 running 1 thread block(s):
	* allocated max active thread block(s): 1
	* allocated max active warps per thread block: 16

- Occupancy of SM-0:
	* Thread block Limit SM: 32
	* Thread block limit registers: 5
	* Thread block limit shared memory: 32
	* Thread block limit warps: 4
	* theoretical max active thread block(s): 4
	* theoretical max active warps per SM: 64
	* theoretical occupancy: 100 %
	* achieved active warps per SM: 14.7
	* achieved occupancy: 22.97 %

- Memory Performance:
	* unified L1 cache hit rate: 5.33 %
	* unified L1 cache hit rate for read transactions (global memory accesses): 4.76 %
	* L2 cache hit rate: 8.39 %

	* Global Memory Requests:
		** GMEM read requests: 147
		** GMEM write requests: 8
		** GMEM total requests: 155

	* Global Memory Transactions:
		** GMEM read transactions: 147
		** GMEM write transactions: 8
		** GMEM total transactions: 155

	* Global Memory Divergence:
		** number of read transactions per read requests: 1.0 (3.12%)
		** number of write transactions per write requests: 1.0 (3.12%)

	* L2 Cache Transactions (for global memory accesses):
		** L2 read transactions: 140
		** L2 write transactions: 8
		** L2 total transactions: 148

	* DRAM Transactions (for global memory accesses):
		** DRAM total transactions: 135

	* Total number of global atomic requests: 0
	* Total number of global reduction requests: 0
	* Global memory atomic and reduction transactions: 0

- Kernel cycles:
	* GPU active cycles (min): 934
	* GPU active cycles (max): 1,165
	* SM active cycles (sum): 9,320
	* SM elapsed cycles (sum): 93,200

- Warp instructions executed: 2,176
- Thread instructions executed: 69,632
- Instructions executed per clock cycle (IPC): 0.233
- Clock cycles per instruction (CPI):  4.283
- Total instructions executed per seconds (MIPS): 280
- Kernel execution time: 77.6667 us

- Simulation Time:
	* Memory model: 0.052 sec, 00:00:00
	* Compute model: 0.017 sec, 00:00:00
