kernel name: Kernel2

- Total GPU computations is divided into 8 thread block(s) running on 8 SM(s)

- Modeled SM-0 running 1 thread block(s):
	* allocated max active thread block(s): 1
	* allocated max active warps per thread block: 16

- Occupancy of SM-0:
	* Thread block Limit SM: 32
	* Thread block limit registers: 8
	* Thread block limit shared memory: 32
	* Thread block limit warps: 4
	* theoretical max active thread block(s): 4
	* theoretical max active warps per SM: 64
	* theoretical occupancy: 100 %
	* achieved active warps per SM: 14.3
	* achieved occupancy: 22.35 %

- Memory Performance:
	* unified L1 cache hit rate: 26.78 %
	* unified L1 cache hit rate for read transactions (global memory accesses): 0.0 %
	* L2 cache hit rate: 29.94 %

	* Global Memory Requests:
		** GMEM read requests: 128
		** GMEM write requests: 196
		** GMEM total requests: 324

	* Global Memory Transactions:
		** GMEM read transactions: 128
		** GMEM write transactions: 196
		** GMEM total transactions: 324

	* Global Memory Divergence:
		** number of read transactions per read requests: 1.0 (3.12%)
		** number of write transactions per write requests: 1.0 (3.12%)

	* L2 Cache Transactions (for global memory accesses):
		** L2 read transactions: 128
		** L2 write transactions: 196
		** L2 total transactions: 324

	* DRAM Transactions (for global memory accesses):
		** DRAM total transactions: 226

	* Total number of global atomic requests: 0
	* Total number of global reduction requests: 0
	* Global memory atomic and reduction transactions: 0

- Kernel cycles:
	* GPU active cycles (min): 1,135
	* GPU active cycles (max): 1,393
	* SM active cycles (sum): 11,144
	* SM elapsed cycles (sum): 111,440

- Warp instructions executed: 2,856
- Thread instructions executed: 91,392
- Instructions executed per clock cycle (IPC): 0.256
- Clock cycles per instruction (CPI):  3.902
- Total instructions executed per seconds (MIPS): 307
- Kernel execution time: 92.8667 us

- Simulation Time:
	* Memory model: 0.119 sec, 00:00:00
	* Compute model: 0.02 sec, 00:00:00
