kernel name: Kernel2

- Total GPU computations is divided into 8 thread block(s) running on 8 SM(s)

- Modeled SM-0 running 1 thread block(s):
	* allocated max active thread block(s): 1
	* allocated max active warps per thread block: 16

- Occupancy of SM-0:
	* Thread block Limit SM: 32
	* Thread block limit registers: 8
	* Thread block limit shared memory: 32
	* Thread block limit warps: 4
	* theoretical max active thread block(s): 4
	* theoretical max active warps per SM: 64
	* theoretical occupancy: 100 %
	* achieved active warps per SM: 13.66
	* achieved occupancy: 21.35 %

- Memory Performance:
	* unified L1 cache hit rate: 38.3 %
	* unified L1 cache hit rate for read transactions (global memory accesses): 0.0 %
	* L2 cache hit rate: 39.45 %

	* Global Memory Requests:
		** GMEM read requests: 128
		** GMEM write requests: 488
		** GMEM total requests: 616

	* Global Memory Transactions:
		** GMEM read transactions: 128
		** GMEM write transactions: 488
		** GMEM total transactions: 616

	* Global Memory Divergence:
		** number of read transactions per read requests: 1.0 (3.12%)
		** number of write transactions per write requests: 1.0 (3.12%)

	* L2 Cache Transactions (for global memory accesses):
		** L2 read transactions: 128
		** L2 write transactions: 488
		** L2 total transactions: 616

	* DRAM Transactions (for global memory accesses):
		** DRAM total transactions: 372

	* Total number of global atomic requests: 0
	* Total number of global reduction requests: 0
	* Global memory atomic and reduction transactions: 0

- Kernel cycles:
	* GPU active cycles (min): 1,178
	* GPU active cycles (max): 1,479
	* SM active cycles (sum): 11,832
	* SM elapsed cycles (sum): 118,320

- Warp instructions executed: 4,216
- Thread instructions executed: 134,912
- Instructions executed per clock cycle (IPC): 0.356
- Clock cycles per instruction (CPI):  2.806
- Total instructions executed per seconds (MIPS): 427
- Kernel execution time: 98.6 us

- Simulation Time:
	* Memory model: 0.062 sec, 00:00:00
	* Compute model: 0.023 sec, 00:00:00
