kernel name: Kernel

- Total GPU computations is divided into 8 thread block(s) running on 8 SM(s)

- Modeled SM-0 running 1 thread block(s):
	* allocated max active thread block(s): 1
	* allocated max active warps per thread block: 16

- Occupancy of SM-0:
	* Thread block Limit SM: 32
	* Thread block limit registers: 5
	* Thread block limit shared memory: 32
	* Thread block limit warps: 4
	* theoretical max active thread block(s): 4
	* theoretical max active warps per SM: 64
	* theoretical occupancy: 100 %
	* achieved active warps per SM: 9.05
	* achieved occupancy: 14.14 %

- Memory Performance:
	* unified L1 cache hit rate: 66.72 %
	* unified L1 cache hit rate for read transactions (global memory accesses): 68.71 %
	* L2 cache hit rate: 81.85 %

	* Global Memory Requests:
		** GMEM read requests: 2768
		** GMEM write requests: 1078
		** GMEM total requests: 3846

	* Global Memory Transactions:
		** GMEM read transactions: 4590
		** GMEM write transactions: 1569
		** GMEM total transactions: 6159

	* Global Memory Divergence:
		** number of read transactions per read requests: 1.66 (5.19%)
		** number of write transactions per write requests: 1.46 (4.56%)

	* L2 Cache Transactions (for global memory accesses):
		** L2 read transactions: 1435
		** L2 write transactions: 1569
		** L2 total transactions: 3004

	* DRAM Transactions (for global memory accesses):
		** DRAM total transactions: 545

	* Total number of global atomic requests: 0
	* Total number of global reduction requests: 0
	* Global memory atomic and reduction transactions: 0

- Kernel cycles:
	* GPU active cycles (min): 4,135
	* GPU active cycles (max): 7,567
	* SM active cycles (sum): 60,536
	* SM elapsed cycles (sum): 605,360

- Warp instructions executed: 12,824
- Thread instructions executed: 410,368
- Instructions executed per clock cycle (IPC): 0.212
- Clock cycles per instruction (CPI):  4.721
- Total instructions executed per seconds (MIPS): 254
- Kernel execution time: 504.4667 us

- Simulation Time:
	* Memory model: 0.126 sec, 00:00:00
	* Compute model: 0.128 sec, 00:00:00
